# JRE version: OpenJDK Runtime Environment Microsoft-13877129 (17.0.19+10) (build 17.0.19+10-LTS)
# Java VM: OpenJDK 64-Bit Server VM Microsoft-13877129 (17.0.19+10-LTS, mixed mode, sharing, tiered, compressed oops, compressed class ptrs, g1 gc, windows-amd64)
GC Precious Log:
 CPUs: 4 total, 4 available
 Memory: 7839M
 Large Page Support: Disabled
 NUMA Support: Disabled
 Compressed Oops: Enabled (32-bit)
 Heap Region Size: 1M
 Heap Min Capacity: 8M
 Heap Initial Capacity: 124M
 Heap Max Capacity: 1960M
 Pre-touch: Disabled
 Parallel Workers: 4
 Concurrent Workers: 1
 Concurrent Refinement Workers: 4
 Periodic GC: Disabled
Heap:
 garbage-first heap   total 109568K, used 67865K [0x0000000085800000, 0x0000000100000000)
  region size 1024K, 14 young (14336K), 2 survivors (2048K)
 Metaspace       used 90001K, committed 91008K, reserved 1179648K
  class space    used 11772K, committed 12224K, reserved 1048576K
GC Heap History (20 events):
Event: 2203.134 GC heap before
{Heap before GC invocations=46 (full 0):
 garbage-first heap   total 109568K, used 90718K [0x0000000085800000, 0x0000000100000000)
  region size 1024K, 34 young (34816K), 4 survivors (4096K)
 Metaspace       used 87056K, committed 87872K, reserved 1179648K
  class space    used 11604K, committed 11968K, reserved 1048576K
}
Event: 2203.191 GC heap after
{Heap after GC invocations=47 (full 0):
 garbage-first heap   total 109568K, used 62371K [0x0000000085800000, 0x0000000100000000)
  region size 1024K, 3 young (3072K), 3 survivors (3072K)
 Metaspace       used 87056K, committed 87872K, reserved 1179648K
  class space    used 11604K, committed 11968K, reserved 1048576K
}
Event: 2208.347 GC heap before
{Heap before GC invocations=47 (full 0):
 garbage-first heap   total 109568K, used 64419K [0x0000000085800000, 0x0000000100000000)
  region size 1024K, 5 young (5120K), 3 survivors (3072K)
 Metaspace       used 87125K, committed 88000K, reserved 1179648K
  class space    used 11614K, committed 12032K, reserved 1048576K
}
Event: 2208.523 GC heap after
{Heap after GC invocations=48 (full 0):
 garbage-first heap   total 109568K, used 57832K [0x0000000085800000, 0x0000000100000000)
  region size 1024K, 1 young (1024K), 1 survivors (1024K)
 Metaspace       used 87125K, committed 88000K, reserved 1179648K
  class space    used 11614K, committed 12032K, reserved 1048576K
}
Event: 2509.606 GC heap before
{Heap before GC invocations=48 (full 0):
 garbage-first heap   total 109568K, used 89576K [0x0000000085800000, 0x0000000100000000)
  region size 1024K, 32 young (32768K), 1 survivors (1024K)
 Metaspace       used 87996K, committed 88832K, reserved 1179648K
  class space    used 11638K, committed 12032K, reserved 1048576K
}
Event: 2509.695 GC heap after
{Heap after GC invocations=49 (full 0):
 garbage-first heap   total 109568K, used 58217K [0x0000000085800000, 0x0000000100000000)
  region size 1024K, 1 young (1024K), 1 survivors (1024K)
 Metaspace       used 87996K, committed 88832K, reserved 1179648K
  class space    used 11638K, committed 12032K, reserved 1048576K
}
Event: 2801.883 GC heap before
{Heap before GC invocations=50 (full 0):
 garbage-first heap   total 109568K, used 90985K [0x0000000085800000, 0x0000000100000000)
  region size 1024K, 33 young (33792K), 1 survivors (1024K)
 Metaspace       used 88489K, committed 89344K, reserved 1179648K
  class space    used 11658K, committed 12032K, reserved 1048576K
}
Event: 2801.972 GC heap after
{Heap after GC invocations=51 (full 0):
 garbage-first heap   total 109568K, used 58878K [0x0000000085800000, 0x0000000100000000)
  region size 1024K, 2 young (2048K), 2 survivors (2048K)
 Metaspace       used 88489K, committed 89344K, reserved 1179648K
  class space    used 11658K, committed 12032K, reserved 1048576K
}
Event: 2802.661 GC heap before
{Heap before GC invocations=51 (full 0):
 garbage-first heap   total 109568K, used 60926K [0x0000000085800000, 0x0000000100000000)
  region size 1024K, 5 young (5120K), 2 survivors (2048K)
 Metaspace       used 88573K, committed 89472K, reserved 1179648K
  class space    used 11672K, committed 12096K, reserved 1048576K
}
Event: 2802.854 GC heap after
{Heap after GC invocations=52 (full 0):
 garbage-first heap   total 109568K, used 56241K [0x0000000085800000, 0x0000000100000000)
  region size 1024K, 1 young (1024K), 1 survivors (1024K)
 Metaspace       used 88573K, committed 89472K, reserved 1179648K
  class space    used 11672K, committed 12096K, reserved 1048576K
}
Event: 2827.415 GC heap before
{Heap before GC invocations=52 (full 0):
 garbage-first heap   total 109568K, used 90033K [0x0000000085800000, 0x0000000100000000)
  region size 1024K, 35 young (35840K), 1 survivors (1024K)
 Metaspace       used 89191K, committed 90176K, reserved 1179648K
  class space    used 11744K, committed 12224K, reserved 1048576K
}
Event: 2827.440 GC heap after
{Heap after GC invocations=53 (full 0):
 garbage-first heap   total 109568K, used 56890K [0x0000000085800000, 0x0000000100000000)
  region size 1024K, 1 young (1024K), 1 survivors (1024K)
 Metaspace       used 89191K, committed 90176K, reserved 1179648K
  class space    used 11744K, committed 12224K, reserved 1048576K
}
Event: 2936.351 GC heap before
{Heap before GC invocations=54 (full 0):
 garbage-first heap   total 109568K, used 91706K [0x0000000085800000, 0x0000000100000000)
  region size 1024K, 36 young (36864K), 1 survivors (1024K)
 Metaspace       used 89517K, committed 90560K, reserved 1179648K
  class space    used 11762K, committed 12224K, reserved 1048576K
}
Event: 2936.411 GC heap after
{Heap after GC invocations=55 (full 0):
 garbage-first heap   total 109568K, used 57325K [0x0000000085800000, 0x0000000100000000)
  region size 1024K, 2 young (2048K), 2 survivors (2048K)
 Metaspace       used 89517K, committed 90560K, reserved 1179648K
  class space    used 11762K, committed 12224K, reserved 1048576K
}
Event: 2937.012 GC heap before
{Heap before GC invocations=55 (full 0):
 garbage-first heap   total 109568K, used 59373K [0x0000000085800000, 0x0000000100000000)
  region size 1024K, 5 young (5120K), 2 survivors (2048K)
 Metaspace       used 89523K, committed 90560K, reserved 1179648K
  class space    used 11762K, committed 12224K, reserved 1048576K
}
Event: 2937.073 GC heap after
{Heap after GC invocations=56 (full 0):
 garbage-first heap   total 109568K, used 56498K [0x0000000085800000, 0x0000000100000000)
  region size 1024K, 1 young (1024K), 1 survivors (1024K)
 Metaspace       used 89523K, committed 90560K, reserved 1179648K
  class space    used 11762K, committed 12224K, reserved 1048576K
}
Event: 3077.401 GC heap before
{Heap before GC invocations=56 (full 0):
 garbage-first heap   total 109568K, used 91314K [0x0000000085800000, 0x0000000100000000)
  region size 1024K, 36 young (36864K), 1 survivors (1024K)
 Metaspace       used 89761K, committed 90752K, reserved 1179648K
  class space    used 11769K, committed 12224K, reserved 1048576K
}
Event: 3077.478 GC heap after
{Heap after GC invocations=57 (full 0):
 garbage-first heap   total 109568K, used 56775K [0x0000000085800000, 0x0000000100000000)
  region size 1024K, 1 young (1024K), 1 survivors (1024K)
 Metaspace       used 89761K, committed 90752K, reserved 1179648K
  class space    used 11769K, committed 12224K, reserved 1048576K
}
Event: 5496.575 GC heap before
{Heap before GC invocations=57 (full 0):
 garbage-first heap   total 109568K, used 92615K [0x0000000085800000, 0x0000000100000000)
  region size 1024K, 37 young (37888K), 1 survivors (1024K)
 Metaspace       used 89929K, committed 90944K, reserved 1179648K
  class space    used 11770K, committed 12224K, reserved 1048576K
}
Event: 5496.681 GC heap after
{Heap after GC invocations=58 (full 0):
 garbage-first heap   total 109568K, used 57625K [0x0000000085800000, 0x0000000100000000)
  region size 1024K, 2 young (2048K), 2 survivors (2048K)
 Metaspace       used 89929K, committed 90944K, reserved 1179648K
  class space    used 11770K, committed 12224K, reserved 1048576K
}

