# JRE version: Java(TM) SE Runtime Environment (17.0.12+8) (build 17.0.12+8-LTS-286)
# Java VM: Java HotSpot(TM) 64-Bit Server VM (17.0.12+8-LTS-286, mixed mode, sharing, tiered, compressed oops, compressed class ptrs, g1 gc, windows-amd64)
GC Precious Log:
 CPUs: 4 total, 4 available
 Memory: 7839M
 Large Page Support: Disabled
 NUMA Support: Disabled
 Compressed Oops: Enabled (32-bit)
 Heap Region Size: 1M
 Heap Min Capacity: 8M
 Heap Initial Capacity: 124M
 Heap Max Capacity: 1960M
 Pre-touch: Disabled
 Parallel Workers: 4
 Concurrent Workers: 1
 Concurrent Refinement Workers: 4
 Periodic GC: Disabled
Heap:
 garbage-first heap   total 208896K, used 157769K [0x0000000085800000, 0x0000000100000000)
  region size 1024K, 71 young (72704K), 4 survivors (4096K)
 Metaspace       used 32227K, committed 32576K, reserved 1114112K
  class space    used 3518K, committed 3648K, reserved 1048576K
GC Heap History (20 events):
Event: 322.688 GC heap before
{Heap before GC invocations=40 (full 0):
 garbage-first heap   total 174080K, used 146461K [0x0000000085800000, 0x0000000100000000)
  region size 1024K, 69 young (70656K), 7 survivors (7168K)
 Metaspace       used 29703K, committed 30080K, reserved 1114112K
  class space    used 3286K, committed 3456K, reserved 1048576K
}
Event: 322.724 GC heap after
{Heap after GC invocations=41 (full 0):
 garbage-first heap   total 174080K, used 84059K [0x0000000085800000, 0x0000000100000000)
  region size 1024K, 4 young (4096K), 4 survivors (4096K)
 Metaspace       used 29703K, committed 30080K, reserved 1114112K
  class space    used 3286K, committed 3456K, reserved 1048576K
}
Event: 325.789 GC heap before
{Heap before GC invocations=41 (full 0):
 garbage-first heap   total 174080K, used 147547K [0x0000000085800000, 0x0000000100000000)
  region size 1024K, 66 young (67584K), 4 survivors (4096K)
 Metaspace       used 29703K, committed 30080K, reserved 1114112K
  class space    used 3286K, committed 3456K, reserved 1048576K
}
Event: 325.810 GC heap after
{Heap after GC invocations=42 (full 0):
 garbage-first heap   total 174080K, used 83312K [0x0000000085800000, 0x0000000100000000)
  region size 1024K, 4 young (4096K), 4 survivors (4096K)
 Metaspace       used 29703K, committed 30080K, reserved 1114112K
  class space    used 3286K, committed 3456K, reserved 1048576K
}
Event: 333.961 GC heap before
{Heap before GC invocations=42 (full 0):
 garbage-first heap   total 174080K, used 148848K [0x0000000085800000, 0x0000000100000000)
  region size 1024K, 68 young (69632K), 4 survivors (4096K)
 Metaspace       used 29800K, committed 30144K, reserved 1114112K
  class space    used 3289K, committed 3456K, reserved 1048576K
}
Event: 334.008 GC heap after
{Heap after GC invocations=43 (full 0):
 garbage-first heap   total 174080K, used 87840K [0x0000000085800000, 0x0000000100000000)
  region size 1024K, 8 young (8192K), 8 survivors (8192K)
 Metaspace       used 29800K, committed 30144K, reserved 1114112K
  class space    used 3289K, committed 3456K, reserved 1048576K
}
Event: 335.819 GC heap before
{Heap before GC invocations=43 (full 0):
 garbage-first heap   total 174080K, used 146208K [0x0000000085800000, 0x0000000100000000)
  region size 1024K, 65 young (66560K), 8 survivors (8192K)
 Metaspace       used 29802K, committed 30144K, reserved 1114112K
  class space    used 3289K, committed 3456K, reserved 1048576K
}
Event: 335.850 GC heap after
{Heap after GC invocations=44 (full 0):
 garbage-first heap   total 174080K, used 86827K [0x0000000085800000, 0x0000000100000000)
  region size 1024K, 1 young (1024K), 1 survivors (1024K)
 Metaspace       used 29802K, committed 30144K, reserved 1114112K
  class space    used 3289K, committed 3456K, reserved 1048576K
}
Event: 339.504 GC heap before
{Heap before GC invocations=44 (full 0):
 garbage-first heap   total 174080K, used 148267K [0x0000000085800000, 0x0000000100000000)
  region size 1024K, 61 young (62464K), 1 survivors (1024K)
 Metaspace       used 29809K, committed 30144K, reserved 1114112K
  class space    used 3289K, committed 3456K, reserved 1048576K
}
Event: 339.542 GC heap after
{Heap after GC invocations=45 (full 0):
 garbage-first heap   total 174080K, used 90284K [0x0000000085800000, 0x0000000100000000)
  region size 1024K, 4 young (4096K), 4 survivors (4096K)
 Metaspace       used 29809K, committed 30144K, reserved 1114112K
  class space    used 3289K, committed 3456K, reserved 1048576K
}
Event: 341.848 GC heap before
{Heap before GC invocations=45 (full 0):
 garbage-first heap   total 174080K, used 147628K [0x0000000085800000, 0x0000000100000000)
  region size 1024K, 60 young (61440K), 4 survivors (4096K)
 Metaspace       used 29822K, committed 30144K, reserved 1114112K
  class space    used 3289K, committed 3456K, reserved 1048576K
}
Event: 341.873 GC heap after
{Heap after GC invocations=46 (full 0):
 garbage-first heap   total 174080K, used 89770K [0x0000000085800000, 0x0000000100000000)
  region size 1024K, 4 young (4096K), 4 survivors (4096K)
 Metaspace       used 29822K, committed 30144K, reserved 1114112K
  class space    used 3289K, committed 3456K, reserved 1048576K
}
Event: 343.148 GC heap before
{Heap before GC invocations=46 (full 0):
 garbage-first heap   total 174080K, used 148138K [0x0000000085800000, 0x0000000100000000)
  region size 1024K, 61 young (62464K), 4 survivors (4096K)
 Metaspace       used 29822K, committed 30144K, reserved 1114112K
  class space    used 3289K, committed 3456K, reserved 1048576K
}
Event: 343.173 GC heap after
{Heap after GC invocations=47 (full 0):
 garbage-first heap   total 174080K, used 89756K [0x0000000085800000, 0x0000000100000000)
  region size 1024K, 4 young (4096K), 4 survivors (4096K)
 Metaspace       used 29822K, committed 30144K, reserved 1114112K
  class space    used 3289K, committed 3456K, reserved 1048576K
}
Event: 346.509 GC heap before
{Heap before GC invocations=47 (full 0):
 garbage-first heap   total 174080K, used 150172K [0x0000000085800000, 0x0000000100000000)
  region size 1024K, 63 young (64512K), 4 survivors (4096K)
 Metaspace       used 29834K, committed 30208K, reserved 1114112K
  class space    used 3289K, committed 3456K, reserved 1048576K
}
Event: 346.548 GC heap after
{Heap after GC invocations=48 (full 0):
 garbage-first heap   total 174080K, used 90945K [0x0000000085800000, 0x0000000100000000)
  region size 1024K, 5 young (5120K), 5 survivors (5120K)
 Metaspace       used 29834K, committed 30208K, reserved 1114112K
  class space    used 3289K, committed 3456K, reserved 1048576K
}
Event: 348.208 GC heap before
{Heap before GC invocations=48 (full 0):
 garbage-first heap   total 174080K, used 146241K [0x0000000085800000, 0x0000000100000000)
  region size 1024K, 59 young (60416K), 5 survivors (5120K)
 Metaspace       used 29839K, committed 30208K, reserved 1114112K
  class space    used 3289K, committed 3456K, reserved 1048576K
}
Event: 348.236 GC heap after
{Heap after GC invocations=49 (full 0):
 garbage-first heap   total 174080K, used 89273K [0x0000000085800000, 0x0000000100000000)
  region size 1024K, 3 young (3072K), 3 survivors (3072K)
 Metaspace       used 29839K, committed 30208K, reserved 1114112K
  class space    used 3289K, committed 3456K, reserved 1048576K
}
Event: 352.293 GC heap before
{Heap before GC invocations=49 (full 0):
 garbage-first heap   total 174080K, used 146617K [0x0000000085800000, 0x0000000100000000)
  region size 1024K, 59 young (60416K), 3 survivors (3072K)
 Metaspace       used 30492K, committed 30848K, reserved 1114112K
  class space    used 3383K, committed 3520K, reserved 1048576K
}
Event: 352.323 GC heap after
{Heap after GC invocations=50 (full 0):
 garbage-first heap   total 208896K, used 90185K [0x0000000085800000, 0x0000000100000000)
  region size 1024K, 4 young (4096K), 4 survivors (4096K)
 Metaspace       used 30492K, committed 30848K, reserved 1114112K
  class space    used 3383K, committed 3520K, reserved 1048576K
}

