# JRE version: Java(TM) SE Runtime Environment (17.0.12+8) (build 17.0.12+8-LTS-286)
# Java VM: Java HotSpot(TM) 64-Bit Server VM (17.0.12+8-LTS-286, mixed mode, sharing, tiered, compressed oops, compressed class ptrs, g1 gc, windows-amd64)
GC Precious Log:
 CPUs: 4 total, 4 available
 Memory: 7839M
 Large Page Support: Disabled
 NUMA Support: Disabled
 Compressed Oops: Enabled (32-bit)
 Heap Region Size: 1M
 Heap Min Capacity: 8M
 Heap Initial Capacity: 124M
 Heap Max Capacity: 512M
 Pre-touch: Disabled
 Parallel Workers: 4
 Concurrent Workers: 1
 Concurrent Refinement Workers: 4
 Periodic GC: Disabled
Heap:
 garbage-first heap   total 126976K, used 61266K [0x00000000e0000000, 0x0000000100000000)
  region size 1024K, 50 young (51200K), 4 survivors (4096K)
 Metaspace       used 19470K, committed 19776K, reserved 1114112K
  class space    used 2219K, committed 2368K, reserved 1048576K
GC Heap History (10 events):
Event: 8.558 GC heap before
{Heap before GC invocations=0 (full 0):
 garbage-first heap   total 126976K, used 13312K [0x00000000e0000000, 0x0000000100000000)
  region size 1024K, 13 young (13312K), 0 survivors (0K)
 Metaspace       used 3516K, committed 3648K, reserved 1114112K
  class space    used 369K, committed 384K, reserved 1048576K
}
Event: 8.582 GC heap after
{Heap after GC invocations=1 (full 0):
 garbage-first heap   total 126976K, used 3168K [0x00000000e0000000, 0x0000000100000000)
  region size 1024K, 2 young (2048K), 2 survivors (2048K)
 Metaspace       used 3516K, committed 3648K, reserved 1114112K
  class space    used 369K, committed 384K, reserved 1048576K
}
Event: 11.204 GC heap before
{Heap before GC invocations=1 (full 0):
 garbage-first heap   total 126976K, used 15456K [0x00000000e0000000, 0x0000000100000000)
  region size 1024K, 14 young (14336K), 2 survivors (2048K)
 Metaspace       used 5540K, committed 5696K, reserved 1114112K
  class space    used 666K, committed 768K, reserved 1048576K
}
Event: 11.218 GC heap after
{Heap after GC invocations=2 (full 0):
 garbage-first heap   total 126976K, used 3885K [0x00000000e0000000, 0x0000000100000000)
  region size 1024K, 1 young (1024K), 1 survivors (1024K)
 Metaspace       used 5540K, committed 5696K, reserved 1114112K
  class space    used 666K, committed 768K, reserved 1048576K
}
Event: 16.668 GC heap before
{Heap before GC invocations=2 (full 0):
 garbage-first heap   total 126976K, used 28461K [0x00000000e0000000, 0x0000000100000000)
  region size 1024K, 26 young (26624K), 1 survivors (1024K)
 Metaspace       used 8971K, committed 9088K, reserved 1114112K
  class space    used 1079K, committed 1152K, reserved 1048576K
}
Event: 16.681 GC heap after
{Heap after GC invocations=3 (full 0):
 garbage-first heap   total 126976K, used 4886K [0x00000000e0000000, 0x0000000100000000)
  region size 1024K, 2 young (2048K), 2 survivors (2048K)
 Metaspace       used 8971K, committed 9088K, reserved 1114112K
  class space    used 1079K, committed 1152K, reserved 1048576K
}
Event: 32.919 GC heap before
{Heap before GC invocations=3 (full 0):
 garbage-first heap   total 126976K, used 78614K [0x00000000e0000000, 0x0000000100000000)
  region size 1024K, 74 young (75776K), 2 survivors (2048K)
 Metaspace       used 15353K, committed 15552K, reserved 1114112K
  class space    used 1827K, committed 1920K, reserved 1048576K
}
Event: 32.985 GC heap after
{Heap after GC invocations=4 (full 0):
 garbage-first heap   total 126976K, used 12667K [0x00000000e0000000, 0x0000000100000000)
  region size 1024K, 10 young (10240K), 10 survivors (10240K)
 Metaspace       used 15353K, committed 15552K, reserved 1114112K
  class space    used 1827K, committed 1920K, reserved 1048576K
}
Event: 69.136 GC heap before
{Heap before GC invocations=4 (full 0):
 garbage-first heap   total 126976K, used 78203K [0x00000000e0000000, 0x0000000100000000)
  region size 1024K, 74 young (75776K), 10 survivors (10240K)
 Metaspace       used 16638K, committed 16960K, reserved 1114112K
  class space    used 1930K, committed 2112K, reserved 1048576K
}
Event: 69.203 GC heap after
{Heap after GC invocations=5 (full 0):
 garbage-first heap   total 126976K, used 15186K [0x00000000e0000000, 0x0000000100000000)
  region size 1024K, 4 young (4096K), 4 survivors (4096K)
 Metaspace       used 16638K, committed 16960K, reserved 1114112K
  class space    used 1930K, committed 2112K, reserved 1048576K
}

